#
# There is insufficient memory for the Java Runtime Environment to continue.
# Native memory allocation (malloc) failed to allocate 462576 bytes for Chunk::new
# Possible reasons:
#   The system is out of physical RAM or swap space
#   In 32 bit mode, the process size limit was hit
# Possible solutions:
#   Reduce memory load on the system
#   Increase physical memory or swap space
#   Check if swap backing store is full
#   Use 64 bit Java on a 64 bit OS
#   Decrease Java heap size (-Xmx/-Xms)
#   Decrease number of Java threads
#   Decrease Java thread stack sizes (-Xss)
#   Set larger code cache with -XX:ReservedCodeCacheSize=
# This output file may be truncated or incomplete.
#
#  Out of Memory Error (allocation.cpp:390), pid=4108, tid=0x0000000000000e94
#
# JRE version: OpenJDK Runtime Environment (8.0_152-b01) (build 1.8.0_152-release-915-b01)
# Java VM: OpenJDK 64-Bit Server VM (25.152-b01 mixed mode windows-amd64 compressed oops)
# Failed to write core dump. Minidumps are not enabled by default on client versions of Windows
#

---------------  T H R E A D  ---------------

Current thread (0x00000000572d8000):  JavaThread "C2 CompilerThread0" daemon [_thread_in_native, id=3732, stack(0x0000000057a60000,0x0000000057b60000)]

Stack: [0x0000000057a60000,0x0000000057b60000]
[error occurred during error reporting (printing stack bounds), id 0xc0000005]

Native frames: (J=compiled Java code, j=interpreted, Vv=VM code, C=native code)


Current CompileTask:
C2:2544069 28512       4       java.util.ComparableTimSort::sort (219 bytes)


---------------  P R O C E S S  ---------------

Java Threads: ( => current thread )
  0x000000005b63f000 JavaThread "pool-19-thread-1" [_thread_in_Java, id=868, stack(0x0000000068030000,0x0000000068130000)]
  0x0000000061db1800 JavaThread "pool-20-thread-4" [_thread_blocked, id=4312, stack(0x00000000679b0000,0x0000000067ab0000)]
  0x0000000061db4000 JavaThread "pool-20-thread-3" [_thread_blocked, id=4880, stack(0x0000000067b20000,0x0000000067c20000)]
  0x0000000061db0000 JavaThread "pool-20-thread-2" [_thread_blocked, id=2464, stack(0x000000005a180000,0x000000005a280000)]
  0x0000000061db6000 JavaThread "pool-21-thread-1" [_thread_blocked, id=6512, stack(0x0000000067880000,0x0000000067980000)]
  0x0000000061db4800 JavaThread "pool-20-thread-1" [_thread_blocked, id=6536, stack(0x0000000067520000,0x0000000067620000)]
  0x0000000061db2800 JavaThread "pool-18-thread-1" [_thread_in_native, id=6300, stack(0x00000000673b0000,0x00000000674b0000)]
  0x0000000061db5800 JavaThread "Cache worker for Java compile cache (D:\My Project\My Project\android app\legarage\.gradle\4.1\javaCompile)" [_thread_blocked, id=6548, stack(0x000000005f050000,0x000000005f150000)]
  0x0000000061daf800 JavaThread "Task worker for ':' Thread 3" [_thread_blocked, id=6736, stack(0x000000005bba0000,0x000000005bca0000)]
  0x00000000594de800 JavaThread "Task worker for ':' Thread 2" [_thread_blocked, id=6976, stack(0x0000000064880000,0x0000000064980000)]
  0x00000000594e4800 JavaThread "Task worker for ':'" [_thread_blocked, id=4628, stack(0x00000000671b0000,0x00000000672b0000)]
  0x00000000594e6000 JavaThread "Cache worker for task history cache (D:\My Project\My Project\android app\legarage\.gradle\4.1\taskHistory)" [_thread_blocked, id=7084, stack(0x000000005a9c0000,0x000000005aac0000)]
  0x00000000594e7000 JavaThread "Cache worker for file content cache (D:\My Project\My Project\android app\legarage\.gradle\4.1\fileContent)" [_thread_blocked, id=5216, stack(0x0000000067080000,0x0000000067180000)]
  0x00000000594e5800 JavaThread "build operations Thread 4" [_thread_blocked, id=5632, stack(0x0000000065ef0000,0x0000000065ff0000)]
  0x00000000594e2800 JavaThread "build operations Thread 3" [_thread_blocked, id=3264, stack(0x0000000066ac0000,0x0000000066bc0000)]
  0x00000000594e3000 JavaThread "build operations Thread 2" [_thread_blocked, id=6864, stack(0x0000000065280000,0x0000000065380000)]
  0x00000000594e7800 JavaThread "build operations" [_thread_blocked, id=4020, stack(0x0000000064440000,0x0000000064540000)]
  0x00000000594e4000 JavaThread "Cache worker for Artifact transforms cache (C:\Users\orcl\.gradle\caches\transforms-1)" [_thread_blocked, id=3364, stack(0x000000005f7a0000,0x000000005f8a0000)]
  0x00000000594e1800 JavaThread "Cache worker for file hash cache (D:\My Project\My Project\android app\legarage\.gradle\4.1\fileHashes)" [_thread_blocked, id=1612, stack(0x00000000618c0000,0x00000000619c0000)]
  0x00000000594de000 JavaThread "Asynchronous log dispatcher for DefaultDaemonConnection: socket connection from /127.0.0.1:1244 to /127.0.0.1:2234" [_thread_blocked, id=7080, stack(0x000000005ef30000,0x000000005f030000)]
  0x00000000594e0000 JavaThread "Daemon worker Thread 8" [_thread_blocked, id=5124, stack(0x000000005cfb0000,0x000000005d0b0000)]
  0x00000000594dd000 JavaThread "Cancel handler" [_thread_blocked, id=1888, stack(0x000000005a8c0000,0x000000005a9c0000)]
  0x00000000594d9800 JavaThread "Handler for socket connection from /127.0.0.1:1244 to /127.0.0.1:2234" [_thread_in_native, id=1220, stack(0x000000005a7a0000,0x000000005a8a0000)]
  0x00000000594da000 JavaThread "Daemon Thread 8" [_thread_blocked, id=5884, stack(0x000000005a5f0000,0x000000005a6f0000)]
  0x00000000594df800 JavaThread "Memory manager" [_thread_blocked, id=5824, stack(0x000000005ff50000,0x0000000060050000)]
  0x000000005910f800 JavaThread "File lock request listener" [_thread_in_native, id=5680, stack(0x00000000588c0000,0x00000000589c0000)]
  0x0000000059124800 JavaThread "Cache worker for file hash cache (C:\Users\orcl\.gradle\caches\4.1\fileHashes)" [_thread_blocked, id=3124, stack(0x000000005aad0000,0x000000005abd0000)]
  0x0000000058708800 JavaThread "Daemon periodic checks" [_thread_blocked, id=3120, stack(0x0000000059f50000,0x000000005a050000)]
  0x000000005732b000 JavaThread "Incoming local TCP Connector on port 1244" [_thread_in_native, id=2456, stack(0x0000000059ca0000,0x0000000059da0000)]
  0x00000000572df000 JavaThread "Service Thread" daemon [_thread_blocked, id=5408, stack(0x0000000057c80000,0x0000000057d80000)]
  0x0000000055f5e000 JavaThread "C1 CompilerThread2" daemon [_thread_blocked, id=3252, stack(0x0000000057e20000,0x0000000057f20000)]
  0x0000000055f5c000 JavaThread "C2 CompilerThread1" daemon [_thread_in_native, id=5908, stack(0x0000000057b80000,0x0000000057c80000)]
=>0x00000000572d8000 JavaThread "C2 CompilerThread0" daemon [_thread_in_native, id=3732, stack(0x0000000057a60000,0x0000000057b60000)]
  0x00000000572d1800 JavaThread "Attach Listener" daemon [_thread_blocked, id=4780, stack(0x00000000578a0000,0x00000000579a0000)]
  0x00000000572d0800 JavaThread "Signal Dispatcher" daemon [_thread_blocked, id=1100, stack(0x0000000057730000,0x0000000057830000)]
  0x0000000055f38000 JavaThread "Finalizer" daemon [_thread_blocked, id=5544, stack(0x0000000057110000,0x0000000057210000)]
  0x0000000055ef1000 JavaThread "Reference Handler" daemon [_thread_blocked, id=5364, stack(0x0000000056e70000,0x0000000056f70000)]
  0x0000000001e7e800 JavaThread "main" [_thread_blocked, id=5808, stack(0x0000000002080000,0x0000000002180000)]

Other Threads:
  0x0000000055ee9000 VMThread [stack: 0x0000000056fe0000,0x00000000570e0000] [id=3548]
  0x00000000572e1000 WatcherThread [stack: 0x0000000057fa0000,0x00000000580a0000] [id=3796]

VM state:not at safepoint (normal execution)

VM Mutex/Monitor currently owned by a thread: None

Heap:
 PSYoungGen      total 349696K, used 100237K [0x00000000e0000000, 0x0000000100000000, 0x0000000100000000)
  eden space 175104K, 41% used [0x00000000e0000000,0x00000000e46fb238,0x00000000eab00000)
  from space 174592K, 15% used [0x00000000f5580000,0x00000000f7068338,0x0000000100000000)
  to   space 174592K, 0% used [0x00000000eab00000,0x00000000eab00000,0x00000000f5580000)
 ParOldGen       total 1048576K, used 962144K [0x00000000a0000000, 0x00000000e0000000, 0x00000000e0000000)
  object space 1048576K, 91% used [0x00000000a0000000,0x00000000dab983b8,0x00000000e0000000)
 Metaspace       used 91784K, capacity 99504K, committed 99800K, reserved 1136640K
  class space    used 11652K, capacity 13439K, committed 13568K, reserved 1048576K

Card table byte_map: [0x0000000011810000,0x0000000011b20000] byte_map_base: 0x0000000011310000

Marking Bits: (ParMarkBitMap*) 0x0000000066a33950
 Begin Bits: [0x0000000012260000, 0x0000000013a60000)
 End Bits:   [0x0000000013a60000, 0x0000000015260000)

Polling page: 0x0000000000230000

CodeCache: size=245760Kb used=75239Kb max_used=77568Kb free=170520Kb
 bounds [0x0000000002450000, 0x00000000070e0000, 0x0000000011450000]
 total_blobs=21471 nmethods=20594 adapters=789
 compilation: enabled

Compilation events (10 events):
Event: 2542.967 Thread 0x0000000055f5e000 28533       2       com.android.dx.dex.code.StdCatchBuilder::hasAnyCatches (57 bytes)
Event: 2542.968 Thread 0x0000000055f5e000 nmethod 28533 0x0000000006d8ba90 code [0x0000000006d8bc40, 0x0000000006d8bf58]
Event: 2542.968 Thread 0x0000000055f5e000 28535       2       com.android.dx.dex.file.CodeItem::addContents (174 bytes)
Event: 2542.970 Thread 0x0000000055f5e000 nmethod 28535 0x00000000026e0790 code [0x00000000026e09e0, 0x00000000026e1108]
Event: 2542.979 Thread 0x0000000055f5e000 28536       2       com.android.dx.dex.file.DebugInfoItem::<init> (36 bytes)
Event: 2542.980 Thread 0x0000000055f5e000 nmethod 28536 0x0000000006dfb6d0 code [0x0000000006dfb840, 0x0000000006dfbab8]
Event: 2543.000 Thread 0x0000000055f5e000 28537 %     3       com.android.dx.dex.code.StdCatchBuilder::hasAnyCatches @ 15 (57 bytes)
Event: 2543.001 Thread 0x0000000055f5e000 nmethod 28537% 0x0000000006b73ad0 code [0x0000000006b73cc0, 0x0000000006b749f8]
Event: 2543.004 Thread 0x00000000572d8000 nmethod 28507 0x00000000054d6f90 code [0x00000000054d73e0, 0x00000000054dac58]
Event: 2543.004 Thread 0x00000000572d8000 28512       4       java.util.ComparableTimSort::sort (219 bytes)

GC Heap History (10 events):
Event: 2529.682 GC heap before
{Heap before GC invocations=98 (full 12):
 PSYoungGen      total 348160K, used 330046K [0x00000000e0000000, 0x0000000100000000, 0x0000000100000000)
  eden space 184832K, 100% used [0x00000000e0000000,0x00000000eb480000,0x00000000eb480000)
  from space 163328K, 88% used [0x00000000eb480000,0x00000000f424f840,0x00000000f5400000)
  to   space 174592K, 0% used [0x00000000f5580000,0x00000000f5580000,0x0000000100000000)
 ParOldGen       total 1048576K, used 819615K [0x00000000a0000000, 0x00000000e0000000, 0x00000000e0000000)
  object space 1048576K, 78% used [0x00000000a0000000,0x00000000d2067ce8,0x00000000e0000000)
 Metaspace       used 91731K, capacity 99440K, committed 99800K, reserved 1136640K
  class space    used 11651K, capacity 13439K, committed 13568K, reserved 1048576K
Event: 2529.872 GC heap after
Heap after GC invocations=98 (full 12):
 PSYoungGen      total 349696K, used 136958K [0x00000000e0000000, 0x0000000100000000, 0x0000000100000000)
  eden space 175104K, 0% used [0x00000000e0000000,0x00000000e0000000,0x00000000eab00000)
  from space 174592K, 78% used [0x00000000f5580000,0x00000000fdb3f8e8,0x0000000100000000)
  to   space 174592K, 0% used [0x00000000eab00000,0x00000000eab00000,0x00000000f5580000)
 ParOldGen       total 1048576K, used 819615K [0x00000000a0000000, 0x00000000e0000000, 0x00000000e0000000)
  object space 1048576K, 78% used [0x00000000a0000000,0x00000000d2067ce8,0x00000000e0000000)
 Metaspace       used 91731K, capacity 99440K, committed 99800K, reserved 1136640K
  class space    used 11651K, capacity 13439K, committed 13568K, reserved 1048576K
}
Event: 2532.338 GC heap before
{Heap before GC invocations=99 (full 12):
 PSYoungGen      total 349696K, used 312062K [0x00000000e0000000, 0x0000000100000000, 0x0000000100000000)
  eden space 175104K, 100% used [0x00000000e0000000,0x00000000eab00000,0x00000000eab00000)
  from space 174592K, 78% used [0x00000000f5580000,0x00000000fdb3f8e8,0x0000000100000000)
  to   space 174592K, 0% used [0x00000000eab00000,0x00000000eab00000,0x00000000f5580000)
 ParOldGen       total 1048576K, used 819615K [0x00000000a0000000, 0x00000000e0000000, 0x00000000e0000000)
  object space 1048576K, 78% used [0x00000000a0000000,0x00000000d2067ce8,0x00000000e0000000)
 Metaspace       used 91731K, capacity 99440K, committed 99800K, reserved 1136640K
  class space    used 11651K, capacity 13439K, committed 13568K, reserved 1048576K
Event: 2532.480 GC heap after
Heap after GC invocations=99 (full 12):
 PSYoungGen      total 349696K, used 51100K [0x00000000e0000000, 0x0000000100000000, 0x0000000100000000)
  eden space 175104K, 0% used [0x00000000e0000000,0x00000000e0000000,0x00000000eab00000)
  from space 174592K, 29% used [0x00000000eab00000,0x00000000edce71e0,0x00000000f5580000)
  to   space 174592K, 0% used [0x00000000f5580000,0x00000000f5580000,0x0000000100000000)
 ParOldGen       total 1048576K, used 864283K [0x00000000a0000000, 0x00000000e0000000, 0x00000000e0000000)
  object space 1048576K, 82% used [0x00000000a0000000,0x00000000d4c06e78,0x00000000e0000000)
 Metaspace       used 91731K, capacity 99440K, committed 99800K, reserved 1136640K
  class space    used 11651K, capacity 13439K, committed 13568K, reserved 1048576K
}
Event: 2536.337 GC heap before
{Heap before GC invocations=100 (full 12):
 PSYoungGen      total 349696K, used 226204K [0x00000000e0000000, 0x0000000100000000, 0x0000000100000000)
  eden space 175104K, 100% used [0x00000000e0000000,0x00000000eab00000,0x00000000eab00000)
  from space 174592K, 29% used [0x00000000eab00000,0x00000000edce71e0,0x00000000f5580000)
  to   space 174592K, 0% used [0x00000000f5580000,0x00000000f5580000,0x0000000100000000)
 ParOldGen       total 1048576K, used 864283K [0x00000000a0000000, 0x00000000e0000000, 0x00000000e0000000)
  object space 1048576K, 82% used [0x00000000a0000000,0x00000000d4c06e78,0x00000000e0000000)
 Metaspace       used 91731K, capacity 99440K, committed 99800K, reserved 1136640K
  class space    used 11651K, capacity 13439K, committed 13568K, reserved 1048576K
Event: 2536.454 GC heap after
Heap after GC invocations=100 (full 12):
 PSYoungGen      total 349696K, used 45300K [0x00000000e0000000, 0x0000000100000000, 0x0000000100000000)
  eden space 175104K, 0% used [0x00000000e0000000,0x00000000e0000000,0x00000000eab00000)
  from space 174592K, 25% used [0x00000000f5580000,0x00000000f81bd138,0x0000000100000000)
  to   space 174592K, 0% used [0x00000000eab00000,0x00000000eab00000,0x00000000f5580000)
 ParOldGen       total 1048576K, used 890754K [0x00000000a0000000, 0x00000000e0000000, 0x00000000e0000000)
  object space 1048576K, 84% used [0x00000000a0000000,0x00000000d65e0970,0x00000000e0000000)
 Metaspace       used 91731K, capacity 99440K, committed 99800K, reserved 1136640K
  class space    used 11651K, capacity 13439K, committed 13568K, reserved 1048576K
}
Event: 2538.776 GC heap before
{Heap before GC invocations=101 (full 12):
 PSYoungGen      total 349696K, used 220404K [0x00000000e0000000, 0x0000000100000000, 0x0000000100000000)
  eden space 175104K, 100% used [0x00000000e0000000,0x00000000eab00000,0x00000000eab00000)
  from space 174592K, 25% used [0x00000000f5580000,0x00000000f81bd138,0x0000000100000000)
  to   space 174592K, 0% used [0x00000000eab00000,0x00000000eab00000,0x00000000f5580000)
 ParOldGen       total 1048576K, used 890754K [0x00000000a0000000, 0x00000000e0000000, 0x00000000e0000000)
  object space 1048576K, 84% used [0x00000000a0000000,0x00000000d65e0970,0x00000000e0000000)
 Metaspace       used 91731K, capacity 99440K, committed 99800K, reserved 1136640K
  class space    used 11651K, capacity 13439K, committed 13568K, reserved 1048576K
Event: 2538.928 GC heap after
Heap after GC invocations=101 (full 12):
 PSYoungGen      total 349696K, used 27567K [0x00000000e0000000, 0x0000000100000000, 0x0000000100000000)
  eden space 175104K, 0% used [0x00000000e0000000,0x00000000e0000000,0x00000000eab00000)
  from space 174592K, 15% used [0x00000000eab00000,0x00000000ec5ebd90,0x00000000f5580000)
  to   space 174592K, 0% used [0x00000000f5580000,0x00000000f5580000,0x0000000100000000)
 ParOldGen       total 1048576K, used 935420K [0x00000000a0000000, 0x00000000e0000000, 0x00000000e0000000)
  object space 1048576K, 89% used [0x00000000a0000000,0x00000000d917f0c8,0x00000000e0000000)
 Metaspace       used 91731K, capacity 99440K, committed 99800K, reserved 1136640K
  class space    used 11651K, capacity 13439K, committed 13568K, reserved 1048576K
}
Event: 2542.394 GC heap before
{Heap before GC invocations=102 (full 12):
 PSYoungGen      total 349696K, used 202671K [0x00000000e0000000, 0x0000000100000000, 0x0000000100000000)
  eden space 175104K, 100% used [0x00000000e0000000,0x00000000eab00000,0x00000000eab00000)
  from space 174592K, 15% used [0x00000000eab00000,0x00000000ec5ebd90,0x00000000f5580000)
  to   space 174592K, 0% used [0x00000000f5580000,0x00000000f5580000,0x0000000100000000)
 ParOldGen       total 1048576K, used 935420K [0x00000000a0000000, 0x00000000e0000000, 0x00000000e0000000)
  object space 1048576K, 89% used [0x00000000a0000000,0x00000000d917f0c8,0x00000000e0000000)
 Metaspace       used 91755K, capacity 99440K, committed 99800K, reserved 1136640K
  class space    used 11651K, capacity 13439K, committed 13568K, reserved 1048576K
Event: 2542.507 GC heap after
Heap after GC invocations=102 (full 12):
 PSYoungGen      total 349696K, used 27552K [0x00000000e0000000, 0x0000000100000000, 0x0000000100000000)
  eden space 175104K, 0% used [0x00000000e0000000,0x00000000e0000000,0x00000000eab00000)
  from space 174592K, 15% used [0x00000000f5580000,0x00000000f7068338,0x0000000100000000)
  to   space 174592K, 0% used [0x00000000eab00000,0x00000000eab00000,0x00000000f5580000)
 ParOldGen       total 1048576K, used 962144K [0x00000000a0000000, 0x00000000e0000000, 0x00000000e0000000)
  object space 1048576K, 91% used [0x00000000a0000000,0x00000000dab983b8,0x00000000e0000000)
 Metaspace       used 91755K, capacity 99440K, committed 99800K, reserved 1136640K
  class space    used 11651K, capacity 13439K, committed 13568K, reserved 1048576K
}

Deoptimization events (10 events):
Event: 2517.454 Thread 0x0000000061db4000 Uncommon trap: reason=class_check action=maybe_recompile pc=0x0000000006e470b0 method=com.android.dx.ssa.back.InterferenceGraph.mergeInterferenceSet(ILcom/android/dx/util/IntSet;)V @ 20
Event: 2518.739 Thread 0x0000000061db4800 Uncommon trap: reason=class_check action=maybe_recompile pc=0x0000000006d7f610 method=com.android.dx.ssa.SsaConverter.placePhiFunctions(Lcom/android/dx/ssa/SsaMethod;Lcom/android/dx/ssa/LocalVariableInfo;I)V @ 257
Event: 2519.218 Thread 0x0000000061db0000 Uncommon trap: reason=class_check action=maybe_recompile pc=0x0000000006e01588 method=com.android.dx.ssa.SsaConverter.placePhiFunctions(Lcom/android/dx/ssa/SsaMethod;Lcom/android/dx/ssa/LocalVariableInfo;I)V @ 257
Event: 2542.603 Thread 0x000000005b63f000 Uncommon trap: reason=unstable_if action=reinterpret pc=0x0000000004f8ba88 method=java.util.ComparableTimSort.countRunAndMakeAscending([Ljava/lang/Object;II)I @ 25
Event: 2542.701 Thread 0x000000005b63f000 Uncommon trap: reason=unstable_if action=reinterpret pc=0x00000000067b6de0 method=java.util.ComparableTimSort.countRunAndMakeAscending([Ljava/lang/Object;II)I @ 25
Event: 2542.789 Thread 0x000000005b63f000 Uncommon trap: reason=unstable_if action=reinterpret pc=0x00000000060f6c40 method=com.android.dx.dex.file.OffsettedItem.equals(Ljava/lang/Object;)Z @ 26
Event: 2542.872 Thread 0x000000005b63f000 Uncommon trap: reason=speculate_class_check action=maybe_recompile pc=0x0000000006faed08 method=java.util.HashMap.comparableClassFor(Ljava/lang/Object;)Ljava/lang/Class; @ 15
Event: 2542.872 Thread 0x000000005b63f000 Uncommon trap: reason=speculate_class_check action=maybe_recompile pc=0x0000000006faed08 method=java.util.HashMap.comparableClassFor(Ljava/lang/Object;)Ljava/lang/Class; @ 15
Event: 2542.872 Thread 0x000000005b63f000 Uncommon trap: reason=speculate_class_check action=maybe_recompile pc=0x0000000006faed08 method=java.util.HashMap.comparableClassFor(Ljava/lang/Object;)Ljava/lang/Class; @ 15
Event: 2542.895 Thread 0x000000005b63f000 Uncommon trap: reason=unstable_if action=reinterpret pc=0x0000000006f3df18 method=com.android.dx.dex.file.DexFile.internIfAppropriate(Lcom/android/dx/rop/cst/Constant;)V @ 84

Classes redefined (0 events):
No events

Internal exceptions (10 events):
Event: 2369.353 Thread 0x00000000594e4800 Implicit null exception at 0x0000000006557a37 to 0x000000000655e04d
Event: 2393.004 Thread 0x0000000061db4000 Implicit null exception at 0x000000000680d1dc to 0x000000000680d3d9
Event: 2416.706 Thread 0x00000000594e4800 Implicit null exception at 0x00000000065773d7 to 0x0000000006578051
Event: 2418.009 Thread 0x00000000594e4800 Implicit null exception at 0x000000000659c93c to 0x00000000065a36a5
Event: 2422.606 Thread 0x00000000594e4800 Implicit null exception at 0x0000000005913f03 to 0x0000000005913f4a
Event: 2425.405 Thread 0x00000000594e4800 Implicit null exception at 0x0000000005bb38b9 to 0x0000000005bb6549
Event: 2425.978 Thread 0x00000000594e4800 Implicit null exception at 0x0000000005b0f40e to 0x0000000005b0fac9
Event: 2438.656 Thread 0x00000000594e4800 Exception <a 'java/lang/NoSuchMethodError': java.lang.Object.lambda$static$0(Ljava/lang/String;)Z> (0x00000000e56ab3a8) thrown at [D:\src\AOSP-openjdk-cygwin\jdk8u\hotspot\src\share\vm\interpreter\linkResolver.cpp, line 584]
Event: 2438.656 Thread 0x00000000594e4800 Exception <a 'sun/nio/fs/WindowsException'> (0x00000000e56af7e8) thrown at [D:\src\AOSP-openjdk-cygwin\jdk8u\hotspot\src\share\vm\prims\jni.cpp, line 709]
Event: 2475.188 Thread 0x0000000061db4000 Implicit null exception at 0x0000000006a69952 to 0x0000000006a69a42

Events (10 events):
Event: 2542.872 Thread 0x000000005b63f000 DEOPT PACKING pc=0x0000000006faed08 sp=0x000000006812ed30
Event: 2542.872 Thread 0x000000005b63f000 DEOPT UNPACKING pc=0x000000000249556a sp=0x000000006812ecf8 mode 2
Event: 2542.872 Thread 0x000000005b63f000 Uncommon trap: trap_request=0xffffff76 fr.pc=0x0000000006faed08
Event: 2542.872 Thread 0x000000005b63f000 DEOPT PACKING pc=0x0000000006faed08 sp=0x000000006812ed30
Event: 2542.872 Thread 0x000000005b63f000 DEOPT UNPACKING pc=0x000000000249556a sp=0x000000006812ecf8 mode 2
Event: 2542.895 Thread 0x000000005b63f000 Uncommon trap: trap_request=0xffffff65 fr.pc=0x0000000006f3df18
Event: 2542.895 Thread 0x000000005b63f000 DEOPT PACKING pc=0x0000000006f3df18 sp=0x000000006812efd0
Event: 2542.895 Thread 0x000000005b63f000 DEOPT UNPACKING pc=0x000000000249556a sp=0x000000006812efc8 mode 2
Event: 2542.898 loading class com/android/dx/dex/file/CatchStructs
Event: 2542.898 loading class com/android/dx/dex/file/CatchStructs done


Dynamic libraries:
0x000000013f270000 - 0x000000013f2a1000 	C:\Program Files\Android\Android Studio\jre\bin\java.exe
0x00000000772d0000 - 0x000000007747b000 	C:\Windows\SYSTEM32\ntdll.dll
0x000007fef1110000 - 0x000007fef1144000 	C:\Program Files\Alwil Software\Avast5\x64\aswhooka.dll
0x00000000771b0000 - 0x00000000772cf000 	C:\Windows\system32\kernel32.dll
0x000007fefd4f0000 - 0x000007fefd55b000 	C:\Windows\system32\KERNELBASE.dll
0x000007fefe070000 - 0x000007fefe14b000 	C:\Windows\system32\ADVAPI32.dll
0x000007fefd600000 - 0x000007fefd69f000 	C:\Windows\system32\msvcrt.dll
0x000007fefdb40000 - 0x000007fefdb5f000 	C:\Windows\SYSTEM32\sechost.dll
0x000007fefd6a0000 - 0x000007fefd7ce000 	C:\Windows\system32\RPCRT4.dll
0x00000000770b0000 - 0x00000000771aa000 	C:\Windows\system32\USER32.dll
0x000007fefe4e0000 - 0x000007fefe547000 	C:\Windows\system32\GDI32.dll
0x000007fefd7d0000 - 0x000007fefd7de000 	C:\Windows\system32\LPK.dll
0x000007fefdca0000 - 0x000007fefdd6a000 	C:\Windows\system32\USP10.dll
0x000007fefbbc0000 - 0x000007fefbdb4000 	C:\Windows\WinSxS\amd64_microsoft.windows.common-controls_6595b64144ccf1df_6.0.7600.16385_none_fa645303170382f6\COMCTL32.dll
0x000007feff560000 - 0x000007feff5d1000 	C:\Windows\system32\SHLWAPI.dll
0x000007fefdb10000 - 0x000007fefdb3e000 	C:\Windows\system32\IMM32.DLL
0x000007fefdf50000 - 0x000007fefe059000 	C:\Windows\system32\MSCTF.dll
0x00000000653b0000 - 0x0000000065482000 	C:\Program Files\Android\Android Studio\jre\jre\bin\msvcr100.dll
0x0000000066270000 - 0x0000000066aae000 	C:\Program Files\Android\Android Studio\jre\jre\bin\server\jvm.dll
0x000007fef77b0000 - 0x000007fef77b9000 	C:\Windows\system32\WSOCK32.dll
0x000007fefd830000 - 0x000007fefd87d000 	C:\Windows\system32\WS2_32.dll
0x000007fefe060000 - 0x000007fefe068000 	C:\Windows\system32\NSI.dll
0x000007fef9fd0000 - 0x000007fefa00b000 	C:\Windows\system32\WINMM.dll
0x000007fefc3a0000 - 0x000007fefc3ac000 	C:\Windows\system32\VERSION.dll
0x0000000077490000 - 0x0000000077497000 	C:\Windows\system32\PSAPI.DLL
0x000007fef39f0000 - 0x000007fef39ff000 	C:\Program Files\Android\Android Studio\jre\jre\bin\verify.dll
0x000007fef39c0000 - 0x000007fef39e9000 	C:\Program Files\Android\Android Studio\jre\jre\bin\java.dll
0x000007fef39a0000 - 0x000007fef39b6000 	C:\Program Files\Android\Android Studio\jre\jre\bin\zip.dll
0x000007fefe7d0000 - 0x000007feff556000 	C:\Windows\system32\SHELL32.dll
0x000007fefd880000 - 0x000007fefda81000 	C:\Windows\system32\ole32.dll
0x000007fefd230000 - 0x000007fefd23f000 	C:\Windows\system32\profapi.dll
0x000007fef3920000 - 0x000007fef393a000 	C:\Program Files\Android\Android Studio\jre\jre\bin\net.dll
0x000007fefca60000 - 0x000007fefcab4000 	C:\Windows\system32\mswsock.dll
0x000007fefca50000 - 0x000007fefca57000 	C:\Windows\System32\wship6.dll
0x000007feebac0000 - 0x000007feebad1000 	C:\Program Files\Android\Android Studio\jre\jre\bin\nio.dll
0x000007fee9d60000 - 0x000007fee9d7e000 	C:\Users\orcl\.gradle\native\25\windows-amd64\native-platform.dll
0x000007fef0f20000 - 0x000007fef0f2d000 	C:\Program Files\Android\Android Studio\jre\jre\bin\management.dll
0x000007fefcac0000 - 0x000007fefcad7000 	C:\Windows\system32\CRYPTSP.dll
0x000007fefc7c0000 - 0x000007fefc807000 	C:\Windows\system32\rsaenh.dll
0x000007fefc580000 - 0x000007fefc59e000 	C:\Windows\system32\USERENV.dll
0x000007fefd160000 - 0x000007fefd16f000 	C:\Windows\system32\CRYPTBASE.dll
0x000007fef9630000 - 0x000007fef9657000 	C:\Windows\system32\IPHLPAPI.DLL
0x000007fef9620000 - 0x000007fef962b000 	C:\Windows\system32\WINNSI.DLL
0x000007fef94e0000 - 0x000007fef94f8000 	C:\Windows\system32\dhcpcsvc.DLL
0x000007fef8e80000 - 0x000007fef8e91000 	C:\Windows\system32\dhcpcsvc6.DLL
0x000007feeb220000 - 0x000007feeb244000 	C:\Program Files\Android\Android Studio\jre\jre\bin\sunec.dll
0x000007fefc470000 - 0x000007fefc477000 	C:\Windows\System32\wshtcpip.dll
0x000007fefc8e0000 - 0x000007fefc93b000 	C:\Windows\system32\DNSAPI.dll
0x0000000072150000 - 0x0000000072176000 	C:\Program Files\Bonjour\mdnsNSP.dll
0x000007fef8a80000 - 0x000007fef8a88000 	C:\Windows\system32\rasadhlp.dll
0x000007fef93f0000 - 0x000007fef9443000 	C:\Windows\System32\fwpuclnt.dll
0x000007feeb360000 - 0x000007feeb36b000 	C:\Program Files\Android\Android Studio\jre\jre\bin\sunmscapi.dll
0x000007fefd2e0000 - 0x000007fefd446000 	C:\Windows\system32\CRYPT32.dll
0x000007fefd2d0000 - 0x000007fefd2df000 	C:\Windows\system32\MSASN1.dll
0x000007fefd100000 - 0x000007fefd157000 	C:\Windows\system32\apphelp.dll

VM Arguments:
jvm_args: -Xmx1536m -Dfile.encoding=windows-1256 -Duser.country=US -Duser.language=en -Duser.variant 
java_command: org.gradle.launcher.daemon.bootstrap.GradleDaemon 4.1
java_class_path (initial): C:\Users\orcl\.gradle\wrapper\dists\gradle-4.1-all\bzyivzo6n839fup2jbap0tjew\gradle-4.1\lib\gradle-launcher-4.1.jar
Launcher Type: SUN_STANDARD

Environment Variables:
PATH=C:\ProgramData\Oracle\Java\javapath;C:\Windows\system32;C:\Windows;C:\Windows\System32\Wbem;C:\Windows\System32\WindowsPowerShell\v1.0\;C:\Program Files (x86)\Microsoft SQL Server\100\Tools\Binn\;C:\Program Files\Microsoft SQL Server\100\Tools\Binn\;C:\Program Files\Microsoft SQL Server\100\DTS\Binn\;C:\Program Files (x86)\Microsoft SQL Server\100\Tools\Binn\VSShell\Common7\IDE\;C:\Program Files (x86)\Microsoft Visual Studio 9.0\Common7\IDE\PrivateAssemblies\;C:\Program Files (x86)\Microsoft SQL Server\100\DTS\Binn\;C:\Program Files\Java\jdk1.7.0_79\bin;
USERNAME=orcl
OS=Windows_NT
PROCESSOR_IDENTIFIER=Intel64 Family 6 Model 42 Stepping 7, GenuineIntel



---------------  S Y S T E M  ---------------

OS: Windows 7 , 64 bit Build 7600 (6.1.7600.16385)

CPU:total 4 (initial active 4) (2 cores per cpu, 2 threads per core) family 6 model 42 stepping 7, cmov, cx8, fxsr, mmx, sse, sse2, sse3, ssse3, sse4.1, sse4.2, popcnt, clmul, ht, tsc, tscinvbit

Memory: 4k page, physical 6238064k(247444k free), swap 8020172k(8516k free)

vm_info: OpenJDK 64-Bit Server VM (25.152-b01) for windows-amd64 JRE (1.8.0_152-release-915-b01), built by "builder" with MS VC++ 10.0 (VS2010)

time: Mon Jan 22 15:05:50 2018
elapsed time: 2544 seconds (0d 0h 42m 24s)

